{"results":[
{"issue_type":"parent","profile":"profile-33019142","managers":["profile-127144","profile-52956166"],"actor":"profile-17383872"},
{"issue_type":"parent","profile":"profile-4710732","managers":["profile-12114098","profile-21994144","profile-40283224","profile-44569516","profile-52956166","profile-56824755"],"actor":"profile-4908120"},
{"issue_type":"partner","profile":"profile-38206354","managers":["profile-52956166"],"actor":"profile-17383872"},
{"issue_type":"parent","profile":"profile-23561151","managers":["profile-23545863","profile-52956166"],"actor":"profile-25417360"},
{"issue_type":"parent","profile":"profile-35288003","managers":["profile-17447339","profile-52956166"],"actor":"profile-17383872"},
{"issue_type":"parent","profile":"profile-34441896","managers":["profile-34443606","profile-52956166"],"actor":"profile-17383872"},
{"issue_type":"parent","profile":"profile-38206374","managers":["profile-52956166"],"actor":"profile-17383872"},
{"issue_type":"parent","profile":"profile-38204454","managers":["profile-52956166"],"actor":"profile-17383872"},
{"issue_type":"parent","profile":"profile-28124676","managers":["profile-25846216","profile-25855307","profile-52956166"],"actor":"profile-52956166"},
{"issue_type":"parent","profile":"profile-38204448","managers":["profile-52956166"],"actor":"profile-17383872"},
{"issue_type":"parent","profile":"profile-37788324","managers":["profile-52956166","profile-13697875"],"actor":"profile-17383872"},
{"issue_type":"parent","profile":"profile-30589777","managers":["profile-6594637","profile-52956166"],"actor":"profile-25417360"},
{"issue_type":"parent","profile":"profile-47354472","managers":["profile-30967523","profile-45807551","profile-52956166","profile-10659684"],"actor":"profile-12769518"},
{"issue_type":"parent","profile":"profile-38206172","managers":["profile-52956166"],"actor":"profile-17383872"},
{"issue_type":"partner","profile":"profile-17655488","managers":["profile-52956166","profile-56298213"],"actor":"profile-643635"},
{"issue_type":"partner","profile":"profile-35296149","managers":["profile-468087","profile-2290687","profile-17447339","profile-26680297","profile-52956166"],"actor":"profile-56477848"},
{"issue_type":"parent","profile":"profile-38204434","managers":["profile-52956166"],"actor":"profile-17383872"},
{"issue_type":"parent","profile":"profile-70605110","managers":["profile-52956166"],"actor":"profile-25417360"},
{"issue_type":"parent","profile":"profile-38206382","managers":["profile-52956166"],"actor":"profile-17383872"},
{"issue_type":"parent","profile":"profile-38206325","managers":["profile-52956166"],"actor":"profile-17383872"},
{"issue_type":"parent","profile":"profile-38204435","managers":["profile-52956166"],"actor":"profile-17383872"},
{"issue_type":"parent","profile":"profile-18926815","managers":["profile-1294997","profile-5559156","profile-13666976","profile-48984213","profile-52956166","profile-56361694"],"actor":""},
{"issue_type":"parent","profile":"profile-38206363","managers":["profile-52956166"],"actor":"profile-17383872"},
{"issue_type":"parent","profile":"profile-38204441","managers":["profile-52956166"],"actor":"profile-17383872"},
{"issue_type":"partner","profile":"profile-38206355","managers":["profile-52956166"],"actor":"profile-17383872"},
{"issue_type":"parent","profile":"profile-18479837","managers":["profile-3812498","profile-7415042","profile-6594637","profile-26736799","profile-27555500","profile-127144","profile-36742723","profile-39566281","profile-44569516","profile-52956166","profile-61242237","profile-74920195","profile-56361694","profile-92821658","profile-100267001","profile-100856101"],"actor":"profile-92937823"},
{"issue_type":"parent","profile":"profile-57945819","managers":["profile-1365987","profile-52956166"],"actor":"profile-25417360"},
{"issue_type":"partner","profile":"profile-47131209","managers":["profile-19757707","profile-52956166"],"actor":"profile-25417360"},
{"issue_type":"parent","profile":"profile-18479196","managers":["profile-6594637","profile-44569516","profile-46367400","profile-52956166"],"actor":"profile-17383872"},
{"issue_type":"partner","profile":"profile-16879922","managers":["profile-52956166","profile-90753614"],"actor":"profile-40226578"},
{"issue_type":"parent","profile":"profile-29416433","managers":["profile-32899056","profile-52956166"],"actor":"profile-17383872"},
{"issue_type":"partner","profile":"profile-29416421","managers":["profile-32899056","profile-52956166"],"actor":"profile-17383872"},
{"issue_type":"parent","profile":"profile-33018973","managers":["profile-127144","profile-52956166"],"actor":"profile-17383872"},
{"issue_type":"parent","profile":"profile-18927183","managers":["profile-5559156","profile-39130626","profile-52956166"],"actor":"profile-17383872"},
{"issue_type":"parent","profile":"profile-35288606","managers":["profile-17447339","profile-52956166"],"actor":"profile-25417360"},
{"issue_type":"partner","profile":"profile-20825902","managers":["profile-52956166"],"actor":"profile-9288190"},
{"issue_type":"parent","profile":"profile-30580637","managers":["profile-47702406","profile-52956166"],"actor":"profile-25417360"},
{"issue_type":"parent","profile":"profile-115616562","managers":["profile-22432","profile-693317","profile-1365987","profile-5559156","profile-6937729","profile-29219496","profile-30226732","profile-127144","profile-39630880","profile-44569516","profile-13550013","profile-52956166","profile-57591505","profile-58511626","profile-61242237","profile-69375563","profile-74920195","profile-88214918","profile-90766813"],"actor":"profile-57591505"},
{"issue_type":"parent","profile":"profile-16492524","managers":["profile-4927179","profile-48494973","profile-52956166"],"actor":"profile-48494973"},
{"issue_type":"partner","profile":"profile-20205818","managers":["profile-6594637","profile-52956166"],"actor":"profile-56361694"},
{"issue_type":"parent","profile":"profile-28135322","managers":["profile-25846216","profile-25855307","profile-52956166"],"actor":"profile-25417360"},
{"issue_type":"parent","profile":"profile-43232530","managers":["profile-4908120","profile-52956166"],"actor":"profile-1857832"},
{"issue_type":"partner","profile":"profile-1433103","managers":["profile-20907212","profile-27951966","profile-52956166","profile-53031060"],"actor":"profile-7415042"},
{"issue_type":"parent","profile":"profile-29416190","managers":["profile-32899056","profile-52956166"],"actor":"profile-10823075"},
{"issue_type":"partner","profile":"profile-25534407","managers":["profile-25841648","profile-52956166"],"actor":"profile-10823075"},
{"issue_type":"parent","profile":"profile-25534410","managers":["profile-25841648","profile-52956166"],"actor":"profile-10823075"},
{"issue_type":"parent","profile":"profile-16879870","managers":["profile-52956166","profile-90753614"],"actor":"profile-643635"},
{"issue_type":"partner","profile":"profile-35295409","managers":["profile-17447339","profile-52956166"],"actor":"profile-25417360"},
{"issue_type":"parent","profile":"profile-39828677","managers":["profile-4183382","profile-52956166","profile-56298213"],"actor":"profile-25417360"},
{"issue_type":"partner","profile":"profile-19994558","managers":["profile-52956166","profile-91249171"],"actor":"profile-12769518"}],
"next_page":"https://www.geni.com/api/profile/tree-conflicts?only_ids=true%3Fcollaborators%3Dtrue\u0026page=2",
"page":1}
