{"focus":
	{"managers":["profile-52956166","profile-127144"],
	"big_tree":"true",
	"first_name":"Elizabeth",
	"claimed":"false",
	"middle_name":"C. (SKIDMORE) (COOK)",
	"last_name":"COOK",
	"locked":"false",
	"maiden_name":"COOK",
	"birth_date":"12/9/1899",
	"url":"https://www.geni.com/api/profile-33019142",
	"gender":"female",
	"public":"true",
	"birth_location":"Texas Co., MO",
	"death_date":"3/24/1967",
	"created_by":"profile-33008206",
	"guid":"6000000001622915510",
	"name":"Elizabeth C. (SKIDMORE) (COOK) COOK",
	"id":"profile-33019142",
	"death_location":"doctor's office, Licking, Texas Co., MO"
	},
"nodes":
	{"union-11276376":
		{"edges":
			{"profile-33029596":
				{"rel":"child"},
			"profile-33029590":
				{"rel":"child"},
			"profile-33029589":
				{"rel":"child"},
			"profile-33019142":
				{"rel":"partner"},
			"profile-33019143":
				{"rel":"partner"},
			"profile-33029592":
				{"rel":"child"}
			},
			"status":"spouse"
		},
		"profile-35005977":
		{"edges":
			{"union-11958166":
				{"rel":"partner"},
			"union-11955515":
				{"rel":"child"}
			},
			"first_name":"George",
			"middle_name":"Monroe",
			"last_name":"Cook",
			"url":"https://www.geni.com/api/profile-35005977",
			"public":"true",
			"gender":"male",
			"id":"profile-35005977"
		},
		"union-11276245":
		{"edges":
			{"profile-33019142":
				{"rel":"partner"},
			"profile-33018888":
				{"rel":"partner"}
			},
			"status":"spouse"
		},
		"profile-33029596":
		{"edges":
			{"union-11276376":
				{"rel":"child"},
			"union-11279225":
				{"rel":"partner"}
			},
			"first_name":"George",
			"middle_name":"Monroe",
			"last_name":"COOK",
			"url":"https://www.geni.com/api/profile-33029596",
			"public":"true",
			"gender":"male",
			"id":"profile-33029596"
		},
		"union-11276280":
		{"edges":
			{"profile-33019040":
				{"rel":"partner"},
			"profile-33019039":
				{"rel":"partner"},
			"profile-33018973":
				{"rel":"child"},
			"profile-33019142":
				{"rel":"child"}
			},
			"status":"spouse"
		},
		"union-11955419":
		{"edges":
			{"profile-34995552":
				{"rel":"partner"},
			"profile-33018973":
				{"rel":"child"},
			"profile-34995553":
				{"rel":"partner"},
			"profile-33019142":
				{"rel":"child"}
			},
			"status":"spouse"
		},
		"profile-33019040":
		{"edges":
			{"union-11276280":
				{"rel":"partner"}
			},
			"first_name":"Agnes",
			"middle_name":"(YORK)",
			"last_name":"SKIDMORE",
			"url":"https://www.geni.com/api/profile-33019040",
			"public":"false",
			"gender":"female",
			"id":"profile-33019040"
		},
		"profile-33019039":
		{"edges":
			{"union-11276280":
				{"rel":"partner"}
			},
			"first_name":"George",
			"last_name":"SKIDMORE",
			"url":"https://www.geni.com/api/profile-33019039",
			"public":"false",
			"gender":"male",
			"id":"profile-33019039"
		},
		"profile-34995552":
		{"edges":
			{"union-11955419":
				{"rel":"partner"}
			},
			"first_name":"George",
			"last_name":"Skidmore",
			"url":"https://www.geni.com/api/profile-34995552",
			"public":"false",
			"gender":"male",
			"id":"profile-34995552"
		},
		"profile-33018973":
		{"edges":
			{"union-11955418":
				{"rel":"partner"},
			"union-11276280":
				{"rel":"child"},
			"union-11276279":
				{"rel":"partner"},
			"union-11955419":
				{"rel":"child"}
			},
			"first_name":"May",
			"middle_name":"May (SKIDMORE)",
			"last_name":"SULLINS",
			"maiden_name":"SULLINS",
			"url":"https://www.geni.com/api/profile-33018973",
			"public":"true",
			"gender":"female",
			"id":"profile-33018973"
		},
		"profile-34995553":
		{"edges":
			{"union-11955419":
				{"rel":"partner"}
			},
			"first_name":"Agnes",
			"middle_name":"(York)",
			"last_name":"Skidmore",
			"url":"https://www.geni.com/api/profile-34995553",
			"public":"false",
			"gender":"female",
			"id":"profile-34995553"
		},
		"profile-35005971":
		{"edges":
			{"union-11958223":
				{"rel":"partner"},
			"union-11955515":
				{"rel":"child"}
			},
			"first_name":"Herbert",
			"middle_name":"Franklin",
			"last_name":"Cook",
			"url":"https://www.geni.com/api/profile-35005971",
			"public":"true",
			"gender":"male",
			"id":"profile-35005971"
		},
		"profile-34995664":
		{"edges":
			{"union-11955515":
				{"rel":"partner"}
			},
			"first_name":"Joel",
			"middle_name":"Berton",
			"last_name":"Cook",
			"url":"https://www.geni.com/api/profile-34995664",
			"public":"true",
			"gender":"male",
			"id":"profile-34995664"
		},
		"profile-33029590":
		{"edges":
			{"union-11276376":
				{"rel":"child"}
			},
			"first_name":"Delphia",
			"middle_name":"Marie",
			"last_name":"COOK",
			"maiden_name":"COOK",
			"url":"https://www.geni.com/api/profile-33029590",
			"public":"true",
			"gender":"female",
			"id":"profile-33029590"
		},
		"profile-33029589":
		{"edges":
			{"union-11276376":
				{"rel":"child"},
			"union-11279282":
				{"rel":"partner"}
			},
			"first_name":"Herbert",
			"middle_name":"Franklin",
			"last_name":"COOK",
			"url":"https://www.geni.com/api/profile-33029589",
			"public":"true",
			"gender":"male",
			"id":"profile-33029589"
		},
		"profile-33018888":
		{"edges":
			{"union-11276245":
				{"rel":"partner"},
			"union-11276234":
				{"rel":"child"}
			},
			"first_name":"Rube",
			"middle_name":"F.",
			"last_name":"Sullins",
			"url":"https://www.geni.com/api/profile-33018888",
			"public":"true",
			"gender":"male",
			"id":"profile-33018888"
		},
		"profile-35005972":
		{"edges":
			{"union-11955515":
				{"rel":"child"},
			},
			"first_name":"Delphia",
			"middle_name":"Marie",
			"last_name":"Cook","maiden_name":"Cook",
			"url":"https://www.geni.com/api/profile-35005972",
			"public":"true",
			"gender":"female",
			"id":"profile-35005972",
		}
		"profile-33019142":
		{"edges":
			{"union-11276376":
				{"rel":"partner"},
			"union-11276245":
				{"rel":"partner"},
			"union-11276280":
				{"rel":"child""},
			"union-11955419":
				{"rel":"child"},
			"union-11955515":
				{"rel":"partner"},
			"first_name":"Elizabeth",
			"middle_name":"C. (SKIDMORE) (COOK)",
			"last_name":"COOK","maiden_name":"COOK",
			"url":"https://www.geni.com/api/profile-33019142",
			"public":"true",
			"gender":"female",
			"id":"profile-33019142"
		},
		"profile-33019143":
		{"edges":
			{"union-11276376":
				{"rel":"partner"}
			},
			"first_name":"Joel",
			"middle_name":"Berton",
			"last_name":"COOK",
			"url":"https://www.geni.com/api/profile-33019143",
			"public":"true",
			"gender":"male",
			"id":"profile-33019143"
		},
		"profile-35005973":
		{"edges":
			{"union-11958224":
				{"rel":"partner"},
			"union-11955515":
				{"rel":"child"}
			},
			"first_name":"Melvin",
			"middle_name":"Charles",
			"last_name":"Cook",
			"url":"https://www.geni.com/api/profile-35005973",
			"public":"false",
			"gender":"male",
			"id":"profile-35005973"
		},
		"profile-33029592":
		{"edges":
			{"union-11276376":
				{"rel":"child"},
			"union-11279283":
				{"rel":"partner"}
			},
			"first_name":"Melvin",
			"middle_name":"Charles",
			"last_name":"COOK",
			"url":"https://www.geni.com/api/profile-33029592",
			"public":"false",
			"gender":"male",
			"id":"profile-33029592"
		},
		"union-11955515":
		{"edges":
			{"profile-35005977":
				{"rel":"child"},
			"profile-35005971":
				{"rel":"child"},
			"profile-34995664":
				{"rel":"partner"},
			"profile-35005972":
				{"rel":"child"},
			"profile-33019142":
				{"rel":"partner"},
			"profile-35005973":
				{"rel":"child"}
			},
			"status":"spouse"
		}
	}
}
